<?xml version="1.0" encoding="UTF-8"?>
<!-- Generated by org.testng.reporters.JUnitReportReporter -->
<testsuite hostname="MAvetisyanL1W" failures="0" tests="1" name="orgname.ft.LoginPositiveTest" time="12.631" errors="0" timestamp="2024-03-30T16:54:53 AMT" skipped="0">
  <testcase classname="orgname.ft.LoginPositiveTest" name="verifyNewUserSignup" time="12.631"/>
</testsuite> <!-- orgname.ft.LoginPositiveTest -->
